<?xml version="1.0" encoding="UTF-8" ?>
<testsuite failures="0" time="19.24" errors="0" skipped="0" tests="14" name="rql4j.TestRql4j">
  <properties>
    <property name="java.runtime.name" value="Java(TM) SE Runtime Environment"/>
    <property name="java.protocol.handler.pkgs" value="org.apache.axis.transport|"/>
    <property name="sun.boot.library.path" value="C:\Program Files\Java\jdk1.6.0_24\jre\bin"/>
    <property name="java.vm.version" value="19.1-b02"/>
    <property name="java.vm.vendor" value="Sun Microsystems Inc."/>
    <property name="java.vendor.url" value="http://java.sun.com/"/>
    <property name="path.separator" value=";"/>
    <property name="java.vm.name" value="Java HotSpot(TM) 64-Bit Server VM"/>
    <property name="file.encoding.pkg" value="sun.io"/>
    <property name="user.country" value="DE"/>
    <property name="sun.java.launcher" value="SUN_STANDARD"/>
    <property name="sun.os.patch.level" value=""/>
    <property name="java.vm.specification.name" value="Java Virtual Machine Specification"/>
    <property name="user.dir" value="C:\dev\java\projects\rql4j"/>
    <property name="java.runtime.version" value="1.6.0_24-b07"/>
    <property name="java.awt.graphicsenv" value="sun.awt.Win32GraphicsEnvironment"/>
    <property name="basedir" value="C:\dev\java\projects\rql4j"/>
    <property name="java.endorsed.dirs" value="C:\Program Files\Java\jdk1.6.0_24\jre\lib\endorsed"/>
    <property name="os.arch" value="amd64"/>
    <property name="surefire.real.class.path" value="C:\dev\java\projects\rql4j\target\surefire\surefirebooter3180518822030204407.jar"/>
    <property name="java.io.tmpdir" value="C:\Users\pauli\AppData\Local\Temp\"/>
    <property name="line.separator" value="
"/>
    <property name="java.vm.specification.vendor" value="Sun Microsystems Inc."/>
    <property name="user.variant" value=""/>
    <property name="os.name" value="Windows 7"/>
    <property name="sun.jnu.encoding" value="Cp1252"/>
    <property name="java.library.path" value="C:\Program Files\Java\jdk1.6.0_24\jre\bin;.;C:\Windows\Sun\Java\bin;C:\Windows\system32;C:\Windows;C:\Program Files (x86)\JetBrains\IntelliJ IDEA 10.0.2\bin\..\.\bin;C:\Program Files\ImageMagick-6.6.8-Q16;C:\Windows\system32;C:\Windows;C:\Windows\System32\Wbem;C:\Windows\System32\WindowsPowerShell\v1.0\;C:\Program Files\Intel\WiFi\bin\;C:\Program Files\Common Files\Intel\WirelessCommon\;C:\Program Files\ThinkPad\Bluetooth Software\;C:\Program Files\ThinkPad\Bluetooth Software\syswow64;C:\Program Files (x86)\QuickTime\QTSystem\;C:\Program Files\MySQL\MySQL Server 5.5\bin;C:\Program Files\TortoiseSVN\bin;C:\Program Files (x86)\curl-7.21.0-win64-ssl-sspi;C:\Program Files\TortoiseHg\;C:\Program Files (x86)\Common Files\Acronis\SnapAPI\;C:\Program Files (x86)\Microsoft SQL Server\80\Tools\Binn\;c:\Program Files (x86)\Microsoft SQL Server\100\Tools\Binn\;c:\Program Files\Microsoft SQL Server\100\Tools\Binn\;c:\Program Files\Microsoft SQL Server\100\DTS\Binn\;C:\Program Files\Intel\WiFi\bin\;C:\Program Files\Common Files\Intel\WirelessCommon\;C:\Program Files\Apache Software Foundation\apache-maven-3.0.3\bin;C:\Program Files\Java\jdk1.6.0_24\bin;c:\program files (x86)\jetbrains\intellij idea 10.0.2\jre\jre\bin"/>
    <property name="surefire.test.class.path" value="C:\dev\java\projects\rql4j\target\test-classes;C:\dev\java\projects\rql4j\target\classes;C:\Users\pauli\.m2\repository\junit\junit\3.8.1\junit-3.8.1.jar;C:\Users\pauli\.m2\repository\org\apache\axis\axis\1.4\axis-1.4.jar;C:\Users\pauli\.m2\repository\axis\axis-wsdl4j\1.5.1\axis-wsdl4j-1.5.1.jar;C:\Users\pauli\.m2\repository\javax\xml\jaxrpc-api\1.1\jaxrpc-api-1.1.jar;C:\Users\pauli\.m2\repository\log4j\log4j\1.2.12\log4j-1.2.12.jar;C:\Users\pauli\.m2\repository\commons-discovery\commons-discovery\0.4\commons-discovery-0.4.jar;C:\Users\pauli\.m2\repository\commons-logging\commons-logging\1.0.4\commons-logging-1.0.4.jar;C:\Users\pauli\.m2\repository\commons-lang\commons-lang\2.3\commons-lang-2.3.jar;C:\Users\pauli\.m2\repository\javax\mail\mail\1.4\mail-1.4.jar;C:\Users\pauli\.m2\repository\javax\activation\activation\1.1\activation-1.1.jar;C:\Users\pauli\.m2\repository\org\codehaus\castor\castor-xml\1.3.1\castor-xml-1.3.1.jar;C:\Users\pauli\.m2\repository\org\codehaus\castor\castor-core\1.3.1\castor-core-1.3.1.jar;C:\Users\pauli\.m2\repository\joda-time\joda-time\1.6.2\joda-time-1.6.2.jar;"/>
    <property name="java.specification.name" value="Java Platform API Specification"/>
    <property name="java.class.version" value="50.0"/>
    <property name="sun.management.compiler" value="HotSpot 64-Bit Server Compiler"/>
    <property name="os.version" value="6.1"/>
    <property name="user.home" value="C:\Users\pauli"/>
    <property name="user.timezone" value="Europe/Berlin"/>
    <property name="java.awt.printerjob" value="sun.awt.windows.WPrinterJob"/>
    <property name="java.specification.version" value="1.6"/>
    <property name="file.encoding" value="Cp1252"/>
    <property name="user.name" value="pauli"/>
    <property name="java.class.path" value="C:\dev\java\projects\rql4j\target\test-classes;C:\dev\java\projects\rql4j\target\classes;C:\Users\pauli\.m2\repository\junit\junit\3.8.1\junit-3.8.1.jar;C:\Users\pauli\.m2\repository\org\apache\axis\axis\1.4\axis-1.4.jar;C:\Users\pauli\.m2\repository\axis\axis-wsdl4j\1.5.1\axis-wsdl4j-1.5.1.jar;C:\Users\pauli\.m2\repository\javax\xml\jaxrpc-api\1.1\jaxrpc-api-1.1.jar;C:\Users\pauli\.m2\repository\log4j\log4j\1.2.12\log4j-1.2.12.jar;C:\Users\pauli\.m2\repository\commons-discovery\commons-discovery\0.4\commons-discovery-0.4.jar;C:\Users\pauli\.m2\repository\commons-logging\commons-logging\1.0.4\commons-logging-1.0.4.jar;C:\Users\pauli\.m2\repository\commons-lang\commons-lang\2.3\commons-lang-2.3.jar;C:\Users\pauli\.m2\repository\javax\mail\mail\1.4\mail-1.4.jar;C:\Users\pauli\.m2\repository\javax\activation\activation\1.1\activation-1.1.jar;C:\Users\pauli\.m2\repository\org\codehaus\castor\castor-xml\1.3.1\castor-xml-1.3.1.jar;C:\Users\pauli\.m2\repository\org\codehaus\castor\castor-core\1.3.1\castor-core-1.3.1.jar;C:\Users\pauli\.m2\repository\joda-time\joda-time\1.6.2\joda-time-1.6.2.jar;"/>
    <property name="java.vm.specification.version" value="1.0"/>
    <property name="sun.arch.data.model" value="64"/>
    <property name="java.home" value="C:\Program Files\Java\jdk1.6.0_24\jre"/>
    <property name="java.specification.vendor" value="Sun Microsystems Inc."/>
    <property name="user.language" value="de"/>
    <property name="awt.toolkit" value="sun.awt.windows.WToolkit"/>
    <property name="java.vm.info" value="mixed mode"/>
    <property name="java.version" value="1.6.0_24"/>
    <property name="java.ext.dirs" value="C:\Program Files\Java\jdk1.6.0_24\jre\lib\ext;C:\Windows\Sun\Java\lib\ext"/>
    <property name="sun.boot.class.path" value="C:\Program Files\Java\jdk1.6.0_24\jre\lib\resources.jar;C:\Program Files\Java\jdk1.6.0_24\jre\lib\rt.jar;C:\Program Files\Java\jdk1.6.0_24\jre\lib\sunrsasign.jar;C:\Program Files\Java\jdk1.6.0_24\jre\lib\jsse.jar;C:\Program Files\Java\jdk1.6.0_24\jre\lib\jce.jar;C:\Program Files\Java\jdk1.6.0_24\jre\lib\charsets.jar;C:\Program Files\Java\jdk1.6.0_24\jre\lib\modules\jdk.boot.jar;C:\Program Files\Java\jdk1.6.0_24\jre\classes"/>
    <property name="java.vendor" value="Sun Microsystems Inc."/>
    <property name="localRepository" value="C:\Users\pauli\.m2\repository"/>
    <property name="file.separator" value="\"/>
    <property name="java.vendor.url.bug" value="http://java.sun.com/cgi-bin/bugreport.cgi"/>
    <property name="sun.cpu.endian" value="little"/>
    <property name="sun.io.unicode.encoding" value="UnicodeLittle"/>
    <property name="sun.desktop" value="windows"/>
    <property name="sun.cpu.isalist" value="amd64"/>
  </properties>
  <testcase time="2.001" classname="rql4j.builder.AdministrationBuilderTest" name="testAdministrationBuilderLogin"/>
  <testcase time="0.733" classname="rql4j.builder.AdministrationBuilderTest" name="testAdministrationBuilderValidate"/>
  <testcase time="1.45" classname="rql4j.builder.ProjectsBuilderTest" name="testProjectsBuilderList"/>
  <testcase time="1.022" classname="rql4j.builder.ProjectBuilderTest" name="testProjectBuilderLoad"/>
  <testcase time="1.506" classname="rql4j.builder.ElementsBuilderTest" name="testElementBuilderLoad"/>
  <testcase time="2.1" classname="rql4j.builder.FilesBuilderTest" name="testFilesBuilderListMedia"/>
  <testcase time="0.854" classname="rql4j.builder.FilesBuilderTest" name="testFilesBuilderDeleteFilesMedia"/>
  <testcase time="0.835" classname="rql4j.builder.EltBuilderTest" name="testEltBuilderSave"/>
  <testcase time="0.952" classname="rql4j.builder.FileBuilderTest" name="testFileBuilderSaveMedia"/>
  <testcase time="0.806" classname="rql4j.builder.FileBuilderTest" name="testFileBuilderCheck"/>
  <testcase time="0.817" classname="rql4j.builder.TemplateBuilderTest" name="testTemplateBuilderLoadAll"/>
  <testcase time="0.69" classname="rql4j.builder.TemplateBuilderTest" name="testTemplateBuilderAssign"/>
  <testcase time="1.631" classname="rql4j.builder.TemplateBuilderTest" name="testTemplateBuilderSave"/>
  <testcase time="3.807" classname="rql4j.builder.PageBuilderTest" name="testPageBuilderXSearch"/>
</testsuite>